[0.107s] Invoking command in '/home/bhanu/ros2_cpp/build/ros2_cpp_pkg': CMAKE_PREFIX_PATH=${CMAKE_PREFIX_PATH}:/home/bhanu/ros2_ws/install/my_robot_controller:/opt/ros/humble /usr/bin/cmake --build /home/bhanu/ros2_cpp/build/ros2_cpp_pkg -- -j4 -l4
[0.163s] [35m[1mConsolidate compiler generated dependencies of target draw_circle[0m
[0.165s] [35m[1mConsolidate compiler generated dependencies of target ros2_cpp_code[0m
[0.197s] [ 50%] Built target draw_circle
[0.197s] [ 75%] [32mBuilding CXX object CMakeFiles/ros2_cpp_code.dir/src/ros2_cpp_code.cpp.o[0m
[0.227s] [100%] [32m[1mLinking CXX executable ros2_cpp_code[0m
[0.363s] /usr/bin/ld: /usr/lib/gcc/x86_64-linux-gnu/11/../../../x86_64-linux-gnu/Scrt1.o: in function `_start':
[0.363s] (.text+0x1b): undefined reference to `main'
[0.366s] collect2: error: ld returned 1 exit status
[0.369s] gmake[2]: *** [CMakeFiles/ros2_cpp_code.dir/build.make:193: ros2_cpp_code] Error 1
[0.369s] gmake[1]: *** [CMakeFiles/Makefile2:139: CMakeFiles/ros2_cpp_code.dir/all] Error 2
[0.370s] gmake: *** [Makefile:146: all] Error 2
[0.372s] Invoked command in '/home/bhanu/ros2_cpp/build/ros2_cpp_pkg' returned '2': CMAKE_PREFIX_PATH=${CMAKE_PREFIX_PATH}:/home/bhanu/ros2_ws/install/my_robot_controller:/opt/ros/humble /usr/bin/cmake --build /home/bhanu/ros2_cpp/build/ros2_cpp_pkg -- -j4 -l4
