[01m[K/home/bhanu/ros2_cpp/src/ros2_cpp_pkg/src/ros2_cpp_code.cpp:[m[K In function â€˜[01m[Kint main()[m[Kâ€™:
[01m[K/home/bhanu/ros2_cpp/src/ros2_cpp_pkg/src/ros2_cpp_code.cpp:36:18:[m[K [01;31m[Kerror: [m[Kno matching function for call to â€˜[01m[KBT::Tree::tickRoot()[m[Kâ€™
   36 |     [01;31m[Ktree.tickRoot()[m[K;
      |     [01;31m[K~~~~~~~~~~~~~^~[m[K
In file included from [01m[K/home/bhanu/ros2_cpp/src/ros2_cpp_pkg/src/ros2_cpp_code.cpp:1[m[K:
[01m[K/usr/local/include/behaviortree_cpp/bt_factory.h:190:14:[m[K [01;36m[Knote: [m[Kcandidate: â€˜[01m[KBT::NodeStatus BT::Tree::tickRoot(BT::Tree::TickOption, std::chrono::milliseconds)[m[Kâ€™
  190 |   NodeStatus [01;36m[KtickRoot[m[K(TickOption opt, std::chrono::milliseconds sleep_time);
      |              [01;36m[K^~~~~~~~[m[K
[01m[K/usr/local/include/behaviortree_cpp/bt_factory.h:190:14:[m[K [01;36m[Knote: [m[K  candidate expects 2 arguments, 0 provided
gmake[2]: *** [CMakeFiles/ros2_cpp_code.dir/build.make:76: CMakeFiles/ros2_cpp_code.dir/src/ros2_cpp_code.cpp.o] Error 1
gmake[1]: *** [CMakeFiles/Makefile2:139: CMakeFiles/ros2_cpp_code.dir/all] Error 2
gmake: *** [Makefile:146: all] Error 2
